<?xml version="1.0" encoding="UTF-8"?>
<!-- Generated by org.testng.reporters.JUnitXMLReporter -->
<testsuite ignored="0" hostname="LAPTOP-P6J60EL2" failures="1" tests="1" name="chromeTest" time="7.677" errors="0" timestamp="2024-06-03T15:55:22 IST">
  <testcase classname="testCases.TC_002_LoginTest" name="VerifyLogin" time="0.968">
    <failure type="java.lang.AssertionError" message="null">
      <![CDATA[java.lang.AssertionError: null
at testCases.TC_002_LoginTest.VerifyLogin(TC_002_LoginTest.java:43)
at java.base/java.util.ArrayList.forEach(ArrayList.java:1511)
... Removed 29 stack frames]]>
    </failure>
  </testcase> <!-- VerifyLogin -->
</testsuite> <!-- chromeTest -->
